This is pdfTeX, Version 3.14159265-2.6-1.40.17 (TeX Live 2016) (preloaded format=pdflatex 2016.8.4)  22 OCT 2016 13:50
entering extended mode
 restricted \write18 enabled.
 %&-line parsing enabled.
**refcard
(./refcard.tex
LaTeX2e <2016/03/31>
Babel <3.9r> and hyphenation patterns for 83 language(s) loaded.
(/hg/s/linux/9/app/teTeX/08.16/texmf-dist/tex/latex/base/article.cls
Document Class: article 2014/09/29 v1.4h Standard LaTeX document class
(/hg/s/linux/9/app/teTeX/08.16/texmf-dist/tex/latex/base/size10.clo
File: size10.clo 2014/09/29 v1.4h Standard LaTeX file (size option)
)
\c@part=\count79
\c@section=\count80
\c@subsection=\count81
\c@subsubsection=\count82
\c@paragraph=\count83
\c@subparagraph=\count84
\c@figure=\count85
\c@table=\count86
\abovecaptionskip=\skip41
\belowcaptionskip=\skip42
\bibindent=\dimen102
)
(/hg/s/linux/9/app/teTeX/08.16/texmf-dist/tex/latex/tools/multicol.sty
Package: multicol 2016/04/07 v1.8p multicolumn formatting (FMi)
\c@tracingmulticols=\count87
\mult@box=\box26
\multicol@leftmargin=\dimen103
\c@unbalance=\count88
\c@collectmore=\count89
\doublecol@number=\count90
\multicoltolerance=\count91
\multicolpretolerance=\count92
\full@width=\dimen104
\page@free=\dimen105
\premulticols=\dimen106
\postmulticols=\dimen107
\multicolsep=\skip43
\multicolbaselineskip=\skip44
\partial@page=\box27
\last@line=\box28
\maxbalancingoverflow=\dimen108
\mult@rightbox=\box29
\mult@grightbox=\box30
\mult@gfirstbox=\box31
\mult@firstbox=\box32
\@tempa=\box33
\@tempa=\box34
\@tempa=\box35
\@tempa=\box36
\@tempa=\box37
\@tempa=\box38
\@tempa=\box39
\@tempa=\box40
\@tempa=\box41
\@tempa=\box42
\@tempa=\box43
\@tempa=\box44
\@tempa=\box45
\@tempa=\box46
\@tempa=\box47
\@tempa=\box48
\@tempa=\box49
\c@columnbadness=\count93
\c@finalcolumnbadness=\count94
\last@try=\dimen109
\multicolovershoot=\dimen110
\multicolundershoot=\dimen111
\mult@nat@firstbox=\box50
\colbreak@box=\box51
\mc@col@check@num=\count95
)
(/u/sfs/tex/tex/latex/parskip.sty)
(/hg/s/linux/9/app/teTeX/08.16/texmf-dist/tex/latex/tools/verbatim.sty
Package: verbatim 2014/10/28 v1.5q LaTeX2e package for verbatim enhancements
\every@verbatim=\toks14
\verbatim@line=\toks15
\verbatim@in@stream=\read1
)
(/hg/s/linux/9/app/teTeX/08.16/texmf-dist/tex/latex/preprint/fullpage.sty
Package: fullpage 1999/02/23 1.1 (PWD)
\FP@margin=\skip45
)
No file refcard.aux.
\openout1 = `refcard.aux'.

LaTeX Font Info:    Checking defaults for OML/cmm/m/it on input line 26.
LaTeX Font Info:    ... okay on input line 26.
LaTeX Font Info:    Checking defaults for T1/cmr/m/n on input line 26.
LaTeX Font Info:    ... okay on input line 26.
LaTeX Font Info:    Checking defaults for OT1/cmr/m/n on input line 26.
LaTeX Font Info:    ... okay on input line 26.
LaTeX Font Info:    Checking defaults for OMS/cmsy/m/n on input line 26.
LaTeX Font Info:    ... okay on input line 26.
LaTeX Font Info:    Checking defaults for OMX/cmex/m/n on input line 26.
LaTeX Font Info:    ... okay on input line 26.
LaTeX Font Info:    Checking defaults for U/cmr/m/n on input line 26.
LaTeX Font Info:    ... okay on input line 26.
LaTeX Font Info:    External font `cmex10' loaded for size
(Font)              <7> on input line 59.
LaTeX Font Info:    External font `cmex10' loaded for size
(Font)              <5> on input line 59.
LaTeX Font Info:    Font shape `OT1/cmtt/bx/n' in size <10> not available
(Font)              Font shape `OT1/cmtt/m/n' tried instead on input line 75.

Overfull \hbox (9.23132pt too wide) in paragraph at lines 75--88
[] 
 []


Overfull \hbox (11.87013pt too wide) in paragraph at lines 97--111
[] 
 []


Underfull \hbox (badness 10000) in paragraph at lines 97--111

 []


Underfull \hbox (badness 10000) in paragraph at lines 118--124

 []

LaTeX Font Info:    Try loading font information for OMS+cmtt on input line 146
.
(/u/sfs/tex/tex/latex/R_latex/omscmtt.fd
File: omscmtt.fd 
)
LaTeX Font Info:    Font shape `OMS/cmtt/m/n' in size <10> not available
(Font)              Font shape `OMS/cmsy/m/n' tried instead on input line 146.

Overfull \hbox (6.9257pt too wide) in paragraph at lines 142--154
[][] 
 []


Overfull \hbox (14.05339pt too wide) in paragraph at lines 155--170
[]$[]$ 
 []


Overfull \hbox (49.64578pt too wide) in paragraph at lines 155--170
[] 
 []


Underfull \hbox (badness 10000) in paragraph at lines 171--179

 []


Overfull \hbox (51.25189pt too wide) in paragraph at lines 192--201
[][] 
 []


Overfull \hbox (28.4812pt too wide) in paragraph at lines 204--213
[][] 
 []

[1

{/hg/s/linux/9/app/teTeX/08.16/texmf-var/fonts/map/pdftex/updmap/pdftex.map}]
Overfull \hbox (5.63393pt too wide) in paragraph at lines 229--248
[][] 
 []


Underfull \hbox (badness 10000) in paragraph at lines 229--248

 []


Overfull \hbox (14.11595pt too wide) in paragraph at lines 253--267
[][] 
 []


Underfull \hbox (badness 6961) in paragraph at lines 293--295
[]\OT1/cmr/m/n/10 Evaluate your code into the pack-age (in
 []

[2] (./refcard.aux) ) 
Here is how much of TeX's memory you used:
 427 strings out of 493014
 5664 string characters out of 6130583
 97445 words of memory out of 5000000
 4029 multiletter control sequences out of 15000+600000
 6660 words of font info for 25 fonts, out of 8000000 for 9000
 1141 hyphenation exceptions out of 8191
 23i,12n,17p,144b,288s stack positions out of 5000i,500n,10000p,200000b,80000s
</hg/s/linux/9/app/teTeX/08.16/texmf-dist/fonts/type1/publ
ic/amsfonts/cm/cmbx10.pfb></hg/s/linux/9/app/teTeX/08.16/texmf-dist/fonts/type1
/public/amsfonts/cm/cmbx12.pfb></hg/s/linux/9/app/teTeX/08.16/texmf-dist/fonts/
type1/public/amsfonts/cm/cmbxti10.pfb></hg/s/linux/9/app/teTeX/08.16/texmf-dist
/fonts/type1/public/amsfonts/cm/cmcsc10.pfb></hg/s/linux/9/app/teTeX/08.16/texm
f-dist/fonts/type1/public/amsfonts/cm/cmmi10.pfb></hg/s/linux/9/app/teTeX/08.16
/texmf-dist/fonts/type1/public/amsfonts/cm/cmr10.pfb></hg/s/linux/9/app/teTeX/0
8.16/texmf-dist/fonts/type1/public/amsfonts/cm/cmr12.pfb></hg/s/linux/9/app/teT
eX/08.16/texmf-dist/fonts/type1/public/amsfonts/cm/cmr17.pfb></hg/s/linux/9/app
/teTeX/08.16/texmf-dist/fonts/type1/public/amsfonts/cm/cmr5.pfb></hg/s/linux/9/
app/teTeX/08.16/texmf-dist/fonts/type1/public/amsfonts/cm/cmr9.pfb></hg/s/linux
/9/app/teTeX/08.16/texmf-dist/fonts/type1/public/amsfonts/cm/cmsy10.pfb></hg/s/
linux/9/app/teTeX/08.16/texmf-dist/fonts/type1/public/amsfonts/cm/cmti10.pfb></
hg/s/linux/9/app/teTeX/08.16/texmf-dist/fonts/type1/public/amsfonts/cm/cmtt10.p
fb></hg/s/linux/9/app/teTeX/08.16/texmf-dist/fonts/type1/public/amsfonts/cm/cmt
t8.pfb></hg/s/linux/9/app/teTeX/08.16/texmf-dist/fonts/type1/public/amsfonts/cm
/cmtt9.pfb>
Output written on refcard.pdf (2 pages, 164293 bytes).
PDF statistics:
 71 PDF objects out of 1000 (max. 8388607)
 51 compressed objects within 1 object stream
 0 named destinations out of 1000 (max. 500000)
 1 words of extra memory for PDF output out of 10000 (max. 10000000)

